2021-08-04 16:40:55.507  INFO 70900 --- [main] c.h.aitesting.AitestingApplication       : Starting AitestingApplication using Java 1.8.0_231 on bogon with PID 70900 (/Users/yiche/Downloads/aitesting/target/classes started by yiche in /Users/yiche/Downloads/aitesting)
2021-08-04 16:40:55.514  INFO 70900 --- [main] c.h.aitesting.AitestingApplication       : The following profiles are active: dev
2021-08-04 16:40:58.422  INFO 70900 --- [main] o.s.b.w.embedded.tomcat.TomcatWebServer  : Tomcat initialized with port(s): 9010 (http)
2021-08-04 16:40:58.441  INFO 70900 --- [main] o.apache.catalina.core.StandardService   : Starting service [Tomcat]
2021-08-04 16:40:58.442  INFO 70900 --- [main] org.apache.catalina.core.StandardEngine  : Starting Servlet engine: [Apache Tomcat/9.0.48]
2021-08-04 16:40:58.736  INFO 70900 --- [main] o.a.c.c.C.[Tomcat].[localhost].[/]       : Initializing Spring embedded WebApplicationContext
2021-08-04 16:40:58.737  INFO 70900 --- [main] w.s.c.ServletWebServerApplicationContext : Root WebApplicationContext: initialization completed in 3131 ms
2021-08-04 16:41:00.767  INFO 70900 --- [main] pertySourcedRequestMappingHandlerMapping : Mapped URL path [/v2/api-docs] onto method [springfox.documentation.swagger2.web.Swagger2Controller#getDocumentation(String, HttpServletRequest)]
2021-08-04 16:41:01.522  INFO 70900 --- [main] o.s.b.w.embedded.tomcat.TomcatWebServer  : Tomcat started on port(s): 9010 (http) with context path ''
2021-08-04 16:41:01.523  INFO 70900 --- [main] d.s.w.p.DocumentationPluginsBootstrapper : Context refreshed
2021-08-04 16:41:01.567  INFO 70900 --- [main] d.s.w.p.DocumentationPluginsBootstrapper : Found 1 custom documentation plugin(s)
2021-08-04 16:41:01.624  INFO 70900 --- [main] s.d.s.w.s.ApiListingReferenceScanner     : Scanning for api listing references
2021-08-04 16:41:01.882  INFO 70900 --- [main] .d.s.w.r.o.CachingOperationNameGenerator : Generating unique operation named: getApiByIdUsingGET_1
2021-08-04 16:41:02.037  INFO 70900 --- [main] c.h.aitesting.AitestingApplication       : Started AitestingApplication in 7.662 seconds (JVM running for 9.931)
2021-08-04 16:42:43.995  INFO 70900 --- [http-nio-9010-exec-2] o.a.c.c.C.[Tomcat].[localhost].[/]       : Initializing Spring DispatcherServlet 'dispatcherServlet'
2021-08-04 16:42:43.997  INFO 70900 --- [http-nio-9010-exec-2] o.s.web.servlet.DispatcherServlet        : Initializing Servlet 'dispatcherServlet'
2021-08-04 16:42:43.999  INFO 70900 --- [http-nio-9010-exec-2] o.s.web.servlet.DispatcherServlet        : Completed initialization in 2 ms
2021-08-04 16:43:12.436  INFO 70900 --- [http-nio-9010-exec-4] c.h.aitesting.component.WebLogAspect     : 用户[127.0.0.1]---在[2021-08-216 16:43:12]访问了[com.huicewang.aitesting.controller.ApiCaseController.getApiById]
2021-08-04 16:43:12.499  INFO 70900 --- [http-nio-9010-exec-4] com.zaxxer.hikari.HikariDataSource       : HikariPool-1 - Starting...
2021-08-04 16:43:12.949  INFO 70900 --- [http-nio-9010-exec-4] com.zaxxer.hikari.HikariDataSource       : HikariPool-1 - Start completed.
2021-08-04 16:43:13.142  INFO 70900 --- [http-nio-9010-exec-4] c.h.aitesting.component.WebLogAspect     : 创建时间为：712
2021-08-04 16:48:29.636  INFO 70900 --- [SpringApplicationShutdownHook] com.zaxxer.hikari.HikariDataSource       : HikariPool-1 - Shutdown initiated...
2021-08-04 16:48:29.665  INFO 70900 --- [SpringApplicationShutdownHook] com.zaxxer.hikari.HikariDataSource       : HikariPool-1 - Shutdown completed.
2021-08-04 17:06:16.913  INFO 71559 --- [main] c.h.aitesting.AitestingApplication       : Starting AitestingApplication using Java 1.8.0_231 on bogon with PID 71559 (/Users/yiche/Downloads/aitesting/target/classes started by yiche in /Users/yiche/Downloads/aitesting)
2021-08-04 17:06:16.917  INFO 71559 --- [main] c.h.aitesting.AitestingApplication       : The following profiles are active: dev
2021-08-04 17:06:19.706  INFO 71559 --- [main] o.s.b.w.embedded.tomcat.TomcatWebServer  : Tomcat initialized with port(s): 9010 (http)
2021-08-04 17:06:19.721  INFO 71559 --- [main] o.apache.catalina.core.StandardService   : Starting service [Tomcat]
2021-08-04 17:06:19.721  INFO 71559 --- [main] org.apache.catalina.core.StandardEngine  : Starting Servlet engine: [Apache Tomcat/9.0.48]
2021-08-04 17:06:19.840  INFO 71559 --- [main] o.a.c.c.C.[Tomcat].[localhost].[/]       : Initializing Spring embedded WebApplicationContext
2021-08-04 17:06:19.840  INFO 71559 --- [main] w.s.c.ServletWebServerApplicationContext : Root WebApplicationContext: initialization completed in 2735 ms
2021-08-04 17:06:21.709  INFO 71559 --- [main] pertySourcedRequestMappingHandlerMapping : Mapped URL path [/v2/api-docs] onto method [springfox.documentation.swagger2.web.Swagger2Controller#getDocumentation(String, HttpServletRequest)]
2021-08-04 17:06:22.372  INFO 71559 --- [main] o.s.b.w.embedded.tomcat.TomcatWebServer  : Tomcat started on port(s): 9010 (http) with context path ''
2021-08-04 17:06:22.374  INFO 71559 --- [main] d.s.w.p.DocumentationPluginsBootstrapper : Context refreshed
2021-08-04 17:06:22.421  INFO 71559 --- [main] d.s.w.p.DocumentationPluginsBootstrapper : Found 1 custom documentation plugin(s)
2021-08-04 17:06:22.473  INFO 71559 --- [main] s.d.s.w.s.ApiListingReferenceScanner     : Scanning for api listing references
2021-08-04 17:06:22.754  INFO 71559 --- [main] .d.s.w.r.o.CachingOperationNameGenerator : Generating unique operation named: getApiByIdUsingGET_1
2021-08-04 17:06:22.959  INFO 71559 --- [main] c.h.aitesting.AitestingApplication       : Started AitestingApplication in 7.256 seconds (JVM running for 9.786)
2021-08-04 17:06:44.503  INFO 71559 --- [http-nio-9010-exec-1] o.a.c.c.C.[Tomcat].[localhost].[/]       : Initializing Spring DispatcherServlet 'dispatcherServlet'
2021-08-04 17:06:44.507  INFO 71559 --- [http-nio-9010-exec-1] o.s.web.servlet.DispatcherServlet        : Initializing Servlet 'dispatcherServlet'
2021-08-04 17:06:44.511  INFO 71559 --- [http-nio-9010-exec-1] o.s.web.servlet.DispatcherServlet        : Completed initialization in 2 ms
2021-08-04 17:06:56.416  INFO 71559 --- [http-nio-9010-exec-5] c.h.aitesting.component.WebLogAspect     : 用户[127.0.0.1]---在[2021-08-216 17:06:56]访问了[com.huicewang.aitesting.controller.ApiCaseController.getApiById]
2021-08-04 17:06:56.463  INFO 71559 --- [http-nio-9010-exec-5] com.zaxxer.hikari.HikariDataSource       : HikariPool-1 - Starting...
2021-08-04 17:06:56.756  INFO 71559 --- [http-nio-9010-exec-5] com.zaxxer.hikari.HikariDataSource       : HikariPool-1 - Start completed.
2021-08-04 17:06:56.848  INFO 71559 --- [http-nio-9010-exec-5] c.h.aitesting.component.WebLogAspect     : 创建时间为：439
2021-08-04 17:10:17.519  WARN 71559 --- [http-nio-9010-exec-6] .w.s.m.s.DefaultHandlerExceptionResolver : Resolved [org.springframework.web.method.annotation.MethodArgumentTypeMismatchException: Failed to convert value of type 'java.lang.String' to required type 'int'; nested exception is java.lang.NumberFormatException: For input string: "1/get?id=1"]
2021-08-04 17:14:58.691  INFO 71559 --- [http-nio-9010-exec-5] c.h.aitesting.component.WebLogAspect     : 用户[127.0.0.1]---在[2021-08-216 17:14:58]访问了[com.huicewang.aitesting.controller.ApiCaseController.getApiById]
2021-08-04 17:14:58.722  INFO 71559 --- [http-nio-9010-exec-5] c.h.aitesting.component.WebLogAspect     : 创建时间为：31
2021-08-04 17:15:01.629  INFO 71559 --- [http-nio-9010-exec-3] c.h.aitesting.component.WebLogAspect     : 用户[127.0.0.1]---在[2021-08-216 17:15:01]访问了[com.huicewang.aitesting.controller.ApiCaseController.getApiById]
2021-08-04 17:15:01.644  INFO 71559 --- [http-nio-9010-exec-3] c.h.aitesting.component.WebLogAspect     : 创建时间为：15
2021-08-04 17:15:30.457  INFO 71559 --- [http-nio-9010-exec-7] c.h.aitesting.component.WebLogAspect     : 用户[127.0.0.1]---在[2021-08-216 17:15:30]访问了[com.huicewang.aitesting.controller.ApiCaseController.getApiById]
2021-08-04 17:15:30.468  INFO 71559 --- [http-nio-9010-exec-7] c.h.aitesting.component.WebLogAspect     : 创建时间为：12
2021-08-04 17:21:19.317  INFO 71559 --- [http-nio-9010-exec-2] c.h.aitesting.component.WebLogAspect     : 用户[127.0.0.1]---在[2021-08-216 17:21:19]访问了[com.huicewang.aitesting.controller.ApiCaseController.getApiById]
2021-08-04 17:21:19.355  INFO 71559 --- [http-nio-9010-exec-2] c.h.aitesting.component.WebLogAspect     : 创建时间为：45
2021-08-04 17:26:35.494  INFO 71559 --- [http-nio-9010-exec-1] c.h.aitesting.component.WebLogAspect     : 用户[127.0.0.1]---在[2021-08-216 17:26:35]访问了[com.huicewang.aitesting.controller.ApiCaseController.getApiById]
2021-08-04 17:26:35.543  INFO 71559 --- [http-nio-9010-exec-1] c.h.aitesting.component.WebLogAspect     : 创建时间为：63
2021-08-04 17:28:04.555  INFO 71559 --- [http-nio-9010-exec-4] c.h.aitesting.component.WebLogAspect     : 用户[127.0.0.1]---在[2021-08-216 17:28:04]访问了[com.huicewang.aitesting.controller.ApiCaseController.getApiById]
2021-08-04 17:28:04.567  INFO 71559 --- [http-nio-9010-exec-4] c.h.aitesting.component.WebLogAspect     : 创建时间为：12
2021-08-04 17:28:08.124  INFO 71559 --- [http-nio-9010-exec-8] c.h.aitesting.component.WebLogAspect     : 用户[127.0.0.1]---在[2021-08-216 17:28:08]访问了[com.huicewang.aitesting.controller.ApiCaseController.getApiById]
2021-08-04 17:28:08.150  INFO 71559 --- [http-nio-9010-exec-8] c.h.aitesting.component.WebLogAspect     : 创建时间为：27
2021-08-04 17:28:48.360  INFO 71559 --- [http-nio-9010-exec-9] c.h.aitesting.component.WebLogAspect     : 用户[127.0.0.1]---在[2021-08-216 17:28:48]访问了[com.huicewang.aitesting.controller.ApiCaseController.getApiById]
2021-08-04 17:28:48.375  INFO 71559 --- [http-nio-9010-exec-9] c.h.aitesting.component.WebLogAspect     : 创建时间为：16
2021-08-04 17:29:41.636  INFO 71559 --- [http-nio-9010-exec-10] c.h.aitesting.component.WebLogAspect     : 用户[127.0.0.1]---在[2021-08-216 17:29:41]访问了[com.huicewang.aitesting.controller.ApiCaseController.getApiById]
2021-08-04 17:29:41.642  INFO 71559 --- [http-nio-9010-exec-10] c.h.aitesting.component.WebLogAspect     : 创建时间为：6
2021-08-04 17:29:43.262  INFO 71559 --- [http-nio-9010-exec-6] c.h.aitesting.component.WebLogAspect     : 用户[127.0.0.1]---在[2021-08-216 17:29:43]访问了[com.huicewang.aitesting.controller.ApiCaseController.getApiById]
2021-08-04 17:29:43.277  INFO 71559 --- [http-nio-9010-exec-6] c.h.aitesting.component.WebLogAspect     : 创建时间为：16
2021-08-04 17:30:09.228  INFO 71559 --- [http-nio-9010-exec-5] c.h.aitesting.component.WebLogAspect     : 用户[127.0.0.1]---在[2021-08-216 17:30:09]访问了[com.huicewang.aitesting.controller.ApiCaseController.getApiById]
2021-08-04 17:30:09.242  INFO 71559 --- [http-nio-9010-exec-5] c.h.aitesting.component.WebLogAspect     : 创建时间为：14
2021-08-04 17:30:14.610  INFO 71559 --- [http-nio-9010-exec-3] c.h.aitesting.component.WebLogAspect     : 用户[127.0.0.1]---在[2021-08-216 17:30:14]访问了[com.huicewang.aitesting.controller.ApiCaseController.getApiById]
2021-08-04 17:30:14.617  INFO 71559 --- [http-nio-9010-exec-3] c.h.aitesting.component.WebLogAspect     : 创建时间为：7
2021-08-04 20:49:38.032  WARN 71559 --- [HikariPool-1 housekeeper] com.zaxxer.hikari.pool.HikariPool        : HikariPool-1 - Thread starvation or clock leap detected (housekeeper delta=1h12m39s813ms).
2021-08-04 21:21:03.105  WARN 71559 --- [HikariPool-1 housekeeper] com.zaxxer.hikari.pool.HikariPool        : HikariPool-1 - Thread starvation or clock leap detected (housekeeper delta=31m25s78ms).
2021-08-04 21:44:19.666  WARN 71559 --- [HikariPool-1 housekeeper] com.zaxxer.hikari.pool.HikariPool        : HikariPool-1 - Thread starvation or clock leap detected (housekeeper delta=16m15s650ms).
2021-08-04 22:06:45.755  WARN 71559 --- [HikariPool-1 housekeeper] com.zaxxer.hikari.pool.HikariPool        : HikariPool-1 - Thread starvation or clock leap detected (housekeeper delta=14m56s1ms).
2021-08-04 22:16:07.743  WARN 71559 --- [HikariPool-1 housekeeper] com.zaxxer.hikari.pool.HikariPool        : HikariPool-1 - Thread starvation or clock leap detected (housekeeper delta=4m21s933ms).
2021-08-04 22:27:14.079  INFO 71559 --- [SpringApplicationShutdownHook] com.zaxxer.hikari.HikariDataSource       : HikariPool-1 - Shutdown initiated...
2021-08-04 22:27:14.094  INFO 71559 --- [SpringApplicationShutdownHook] com.zaxxer.hikari.HikariDataSource       : HikariPool-1 - Shutdown completed.
